Content-Type: text/plain; charset="utf-8"
MIME-Version: 1.0
Content-Transfer-Encoding: 8bit
Subject: Password reset on 127.0.0.1:8023
From: webmaster@localhost
To: s23833221n@yahoo.com
Date: Sun, 28 Aug 2022 09:27:24 -0000
Message-ID: <166167884413.6684.18215729753124124230@DESKTOP-LF104CK>


You're receiving this email because you requested a password reset for your user account at 127.0.0.1:8023.

Please go to the following page and choose a new password:

http://127.0.0.1:8023/reset/Mg/bav99o-4c8c9f29aba8eb9219eb394b4c276fda/

Your username, in case you’ve forgotten: adminstefan

Thanks for using our site!

The 127.0.0.1:8023 team



-------------------------------------------------------------------------------
Content-Type: text/plain; charset="utf-8"
MIME-Version: 1.0
Content-Transfer-Encoding: 8bit
Subject: Password reset on 127.0.0.1:8023
From: webmaster@localhost
To: s23833221n@yahoo.com
Date: Sun, 28 Aug 2022 09:27:24 -0000
Message-ID: <166167884414.6684.10097582032611457231@DESKTOP-LF104CK>


You're receiving this email because you requested a password reset for your user account at 127.0.0.1:8023.

Please go to the following page and choose a new password:

http://127.0.0.1:8023/reset/Mw/bav99o-40890c5f19b54257a35425f7aca24a17/

Your username, in case you’ve forgotten: Florentina

Thanks for using our site!

The 127.0.0.1:8023 team



-------------------------------------------------------------------------------
